<html>
<head>
<title>TestNG:  Compex_TestsList</title>
<link href="../testng.css" rel="stylesheet" type="text/css" />
<link href="../my-testng.css" rel="stylesheet" type="text/css" />

<style type="text/css">
.log { display: none;} 
.stack-trace { display: none;} 
</style>
<script type="text/javascript">
<!--
function flip(e) {
  current = e.style.display;
  if (current == 'block') {
    e.style.display = 'none';
    return 0;
  }
  else {
    e.style.display = 'block';
    return 1;
  }
}

function toggleBox(szDivId, elem, msg1, msg2)
{
  var res = -1;  if (document.getElementById) {
    res = flip(document.getElementById(szDivId));
  }
  else if (document.all) {
    // this is the way old msie versions work
    res = flip(document.all[szDivId]);
  }
  if(elem) {
    if(res == 0) elem.innerHTML = msg1; else elem.innerHTML = msg2;
  }

}

function toggleAllBoxes() {
  if (document.getElementsByTagName) {
    d = document.getElementsByTagName('div');
    for (i = 0; i < d.length; i++) {
      if (d[i].className == 'log') {
        flip(d[i]);
      }
    }
  }
}

// -->
</script>

</head>
<body>
<h2 align='center'>Compex_TestsList</h2><table border='1' align="center">
<tr>
<td>Tests passed/Failed/Skipped:</td><td>3/1/0</td>
</tr><tr>
<td>Started on:</td><td>Fri Nov 12 15:35:58 IST 2021</td>
</tr>
<tr><td>Total time:</td><td>68 seconds (68678 ms)</td>
</tr><tr>
<td>Included groups:</td><td></td>
</tr><tr>
<td>Excluded groups:</td><td></td>
</tr>
</table><p/>
<small><i>(Hover the method name to see the test class name)</i></small><p/>
<table width='100%' border='1' class='invocation-failed'>
<tr><td colspan='4' align='center'><b>FAILED TESTS</b></td></tr>
<tr><td><b>Test method</b></td>
<td width="30%"><b>Exception</b></td>
<td width="10%"><b>Time (seconds)</b></td>
<td><b>Instance</b></td>
</tr>
<tr>
<td title='autoFW.TESTS.Compex_tests.SearchOrder()'><b>SearchOrder</b><br>Test class: autoFW.TESTS.Compex_tests<br/>
<a href="#Output-1307810440" onClick='toggleBox("Output-1307810440", this, "Show output", "Hide output");'>Show output</a>

<a href="#Output-1307810440" onClick="toggleAllBoxes();">Show all outputs</a>
<div class='log' id="Output-1307810440">
Searching for order: CA1003786<br /><br/>
<div style='color:orange'><b>WARNING:</b><br />Expected condition failed: waiting for visibility of element located by By.xpath: //div[@id='ajaxBusy'] (tried for 20 second(s) with 500 milliseconds interval)
Build info: version: '4.0.0', revision: '3a21814679'
System info: host: 'DESKTOP-7IL72ML', ip: '192.168.0.120', os.name: 'Windows 10', os.arch: 'amd64', os.version: '10.0', java.version: '16.0.2'
Driver info: org.openqa.selenium.chrome.ChromeDriver
Capabilities {acceptInsecureCerts: false, browserName: chrome, browserVersion: 95.0.4638.69, chrome: {chromedriverVersion: 94.0.4606.61 (418b78f5838ed..., userDataDir: C:\Users\Dell\AppData\Local...}, goog:chromeOptions: {debuggerAddress: localhost:63081}, javascriptEnabled: true, networkConnectionEnabled: false, pageLoadStrategy: normal, platform: WINDOWS, platformName: WINDOWS, proxy: Proxy(), se:cdp: ws://localhost:63081/devtoo..., se:cdpVersion: 95.0.4638.69, setWindowRect: true, strictFileInteractability: false, timeouts: {implicit: 0, pageLoad: 300000, script: 30000}, unhandledPromptBehavior: dismiss and notify, webauthn:extension:credBlob: true, webauthn:extension:largeBlob: true, webauthn:virtualAuthenticators: true}
Session ID: a85397366cee341c0f3666b4b68798bf</div><br /><br /><br/>
Waiting for Ajax Refresh<br /><br/>
Attempting to click..<br /><br/>
Waited successfully for element with xpath: "//div[(contains(@class,'t-dropdown')) and (@text='Search My Orders')]"<br /><br/>
Clicked successfully on WebElement: "//div[(contains(@class,'t-dropdown')) and (@text='Search My Orders')]"<br /><br/>
Attempting to click..<br /><br/>
<div style='color:red'>Waited unsuccessfully for element with xpath: "//li[@title='Order#']"</div><br /><br/>
<br/><a href=\C:\Users\Dell\eclipse-it3-workspace\compex\src\test\resources\ErrorScreenshots\1636711627057.png target='_blank'>Click Here For Screenshot</a><br /><br /><br/>
Element with xpath: "//li[@title='Order#']" not found on UI!<br/>
</div>
</td>
<td><div><pre>autoFW.exceptions.ElementNotLocatedOnUIException: Element with xpath: &quot;//li[@title=&apos;Order#&apos;]&quot; not found on UI!
	at autoFW.objects.ObjectUtilities.clickElement(ObjectUtilities.java:136)
	at autoFW.objects.ObjectUtilities.clickElement(ObjectUtilities.java:114)
	at autoFW.autfns.AUTFunctions.SearchOrder(AUTFunctions.java:434)
	at autoFW.TESTS.Compex_tests.SearchOrder(Compex_tests.java:54)
	at java.base/java.util.ArrayList.forEach(ArrayList.java:1511)
... Removed 27 stack frames</pre></div><a href='#' onClick='toggleBox("stack-trace1307810440", this, "Click to show all stack frames", "Click to hide stack frames")'>Click to show all stack frames</a>
<div class='stack-trace' id='stack-trace1307810440'><pre>autoFW.exceptions.ElementNotLocatedOnUIException: Element with xpath: &quot;//li[@title=&apos;Order#&apos;]&quot; not found on UI!
	at autoFW.objects.ObjectUtilities.clickElement(ObjectUtilities.java:136)
	at autoFW.objects.ObjectUtilities.clickElement(ObjectUtilities.java:114)
	at autoFW.autfns.AUTFunctions.SearchOrder(AUTFunctions.java:434)
	at autoFW.TESTS.Compex_tests.SearchOrder(Compex_tests.java:54)
	at java.base/jdk.internal.reflect.NativeMethodAccessorImpl.invoke0(Native Method)
	at java.base/jdk.internal.reflect.NativeMethodAccessorImpl.invoke(NativeMethodAccessorImpl.java:78)
	at java.base/jdk.internal.reflect.DelegatingMethodAccessorImpl.invoke(DelegatingMethodAccessorImpl.java:43)
	at java.base/java.lang.reflect.Method.invoke(Method.java:567)
	at org.testng.internal.MethodInvocationHelper.invokeMethod(MethodInvocationHelper.java:133)
	at org.testng.internal.TestInvoker.invokeMethod(TestInvoker.java:598)
	at org.testng.internal.TestInvoker.invokeTestMethod(TestInvoker.java:173)
	at org.testng.internal.MethodRunner.runInSequence(MethodRunner.java:46)
	at org.testng.internal.TestInvoker$MethodInvocationAgent.invoke(TestInvoker.java:824)
	at org.testng.internal.TestInvoker.invokeTestMethods(TestInvoker.java:146)
	at org.testng.internal.TestMethodWorker.invokeTestMethods(TestMethodWorker.java:146)
	at org.testng.internal.TestMethodWorker.run(TestMethodWorker.java:128)
	at java.base/java.util.ArrayList.forEach(ArrayList.java:1511)
	at org.testng.TestRunner.privateRun(TestRunner.java:794)
	at org.testng.TestRunner.run(TestRunner.java:596)
	at org.testng.SuiteRunner.runTest(SuiteRunner.java:377)
	at org.testng.SuiteRunner.runSequentially(SuiteRunner.java:371)
	at org.testng.SuiteRunner.privateRun(SuiteRunner.java:332)
	at org.testng.SuiteRunner.run(SuiteRunner.java:276)
	at org.testng.SuiteRunnerWorker.runSuite(SuiteRunnerWorker.java:53)
	at org.testng.SuiteRunnerWorker.run(SuiteRunnerWorker.java:96)
	at org.testng.TestNG.runSuitesSequentially(TestNG.java:1212)
	at org.testng.TestNG.runSuitesLocally(TestNG.java:1134)
	at org.testng.TestNG.runSuites(TestNG.java:1063)
	at org.testng.TestNG.run(TestNG.java:1031)
	at org.testng.remote.AbstractRemoteTestNG.run(AbstractRemoteTestNG.java:115)
	at org.testng.remote.RemoteTestNG.initAndRun(RemoteTestNG.java:251)
	at org.testng.remote.RemoteTestNG.main(RemoteTestNG.java:77)
</pre></div></td>
<td>41</td>
<td>autoFW.TESTS.Compex_tests@3646a422</td></tr>
</table><p>
<table width='100%' border='1' class='invocation-passed'>
<tr><td colspan='4' align='center'><b>PASSED TESTS</b></td></tr>
<tr><td><b>Test method</b></td>
<td width="30%"><b>Exception</b></td>
<td width="10%"><b>Time (seconds)</b></td>
<td><b>Instance</b></td>
</tr>
<tr>
<td title='autoFW.TESTS.Compex_tests.LoginAsSuperUser()'><b>LoginAsSuperUser</b><br>Test class: autoFW.TESTS.Compex_tests<br>Parameters: https://www.cpxlegaltest.com/, SuperUser, Compex@2017<br/>
<a href="#Output-757779849" onClick='toggleBox("Output-757779849", this, "Show output", "Hide output");'>Show output</a>

<a href="#Output-757779849" onClick="toggleAllBoxes();">Show all outputs</a>
<div class='log' id="Output-757779849">
Logging in at url: https://www.cpxlegaltest.com/<br/ >User: SuperUser<br/ >Pwd: Compex@2017<br /><br/>
Attempting to click..<br /><br/>
Waited successfully for element with xpath: "//a[(text()='Login') and (contains(@class, 'subnav-button'))]"<br /><br/>
Clicked successfully on WebElement: "//a[(text()='Login') and (contains(@class, 'subnav-button'))]"<br /><br/>
Waiting for Ajax Refresh<br /><br/>
Attempting to type..<br /><br/>
Waited successfully for element with xpath: "//input[@id='username']"<br /><br/>
Typed successfully into WebElement: "//input[@id='username']", content: "SuperUser"<br /><br/>
Attempting to type..<br /><br/>
Waited successfully for element with xpath: "//input[@id='password']"<br /><br/>
Typed successfully into WebElement: "//input[@id='password']", content: "Compex@2017"<br /><br/>
Attempting to click..<br /><br/>
Waited successfully for element with xpath: "//button[@id='loginform1-btlogin']"<br /><br/>
Clicked successfully on WebElement: "//button[@id='loginform1-btlogin']"<br /><br/>
Waiting for Ajax Refresh<br /><br/>
Waited successfully for element with xpath: "//a[text()='Logout']"<br /><br/>
Logged in successfully.<br/>
</div>
</td>
<td></td>
<td>26</td>
<td>autoFW.TESTS.Compex_tests@3646a422</td></tr>
<tr>
<td title='autoFW.TESTS.Cleanup.CleanupTest()'><b>CleanupTest</b><br>Test class: autoFW.TESTS.Cleanup</td>
<td></td>
<td>0</td>
<td>autoFW.TESTS.Cleanup@750e2b97</td></tr>
<tr>
<td title='autoFW.TESTS.Setup.Init()'><b>Init</b><br>Test class: autoFW.TESTS.Setup</td>
<td></td>
<td>1</td>
<td>autoFW.TESTS.Setup@6bd61f98</td></tr>
</table><p>
</body>
</html>