<!DOCTYPE html PUBLIC "-//W3C//DTD XHTML 1.1//EN" "https://www.w3.org/TR/xhtml11/DTD/xhtml11.dtd">
<html xmlns="https://www.w3.org/1999/xhtml">
<head>
<meta http-equiv="content-type" content="text/html; charset=UTF-8"/>
<title>TestNG Report</title>
<style type="text/css">table {margin-bottom:10px;border-collapse:collapse;empty-cells:show}th,td {border:1px solid #009;padding:.25em .5em}th {vertical-align:bottom}td {vertical-align:top}table a {font-weight:bold}.stripe td {background-color: #E6EBF9}.num {text-align:right}.passedodd td {background-color: #3F3}.passedeven td {background-color: #0A0}.skippedodd td {background-color: #DDD}.skippedeven td {background-color: #CCC}.failedodd td,.attn {background-color: #F33}.failedeven td,.stripe .attn {background-color: #D00}.stacktrace {white-space:pre;font-family:monospace}.totop {font-size:85%;text-align:center;border-bottom:2px solid #000}.invisible {display:none}</style>
</head>
<body>
<table>
<tr><th>Test</th><th># Passed</th><th># Skipped</th><th># Retried</th><th># Failed</th><th>Time (ms)</th><th>Included Groups</th><th>Excluded Groups</th></tr>
<tr><th colspan="8">Compex_TestSuite</th></tr>
<tr><td><a href="#t0">Compex_TestsList01</a></td><td class="num">0</td><td class="num">0</td><td class="num">0</td><td class="num attn">20</td><td class="num">20,601</td><td></td><td></td></tr>
</table>
<table id='summary'><thead><tr><th>Class</th><th>Method</th><th>Start</th><th>Time (ms)</th></tr></thead><tbody><tr><th colspan="4">Compex_TestSuite</th></tr></tbody><tbody id="t0"><tr><th colspan="4">Compex_TestsList01 &#8212; failed</th></tr><tr class="failedeven"><td rowspan="1">autoFW.TESTS.Cleanup</td><td><a href="#m0">CleanupTest</a></td><td rowspan="1">1692416134207</td><td rowspan="1">0</td></tr><tr class="failedodd"><td rowspan="18">autoFW.TESTS.Compex_tests</td><td><a href="#m1">AddComment_SingleOrderLocation</a></td><td rowspan="1">1692416131176</td><td rowspan="1">3024</td></tr><tr class="failedodd"><td><a href="#m2">AddLocation</a></td><td rowspan="1">1692416122130</td><td rowspan="1">3009</td></tr><tr class="failedodd"><td><a href="#m3">Cancel_SingleOrderLocation</a></td><td rowspan="1">1692416125141</td><td rowspan="1">3016</td></tr><tr class="failedodd"><td><a href="#m4">LoginAsSuperUser</a></td><td rowspan="1">1692416122041</td><td rowspan="1">1</td></tr><tr class="failedodd"><td><a href="#m5">Logout</a></td><td rowspan="1">1692416134201</td><td rowspan="1">4</td></tr><tr class="failedodd"><td><a href="#m6">SearchByClaimNum</a></td><td rowspan="1">1692416122090</td><td rowspan="1">4</td></tr><tr class="failedodd"><td><a href="#m7">SearchByFilm</a></td><td rowspan="1">1692416122124</td><td rowspan="1">5</td></tr><tr class="failedodd"><td><a href="#m8">SearchByOrderNum1</a></td><td rowspan="1">1692416122044</td><td rowspan="1">43</td></tr><tr class="failedodd"><td><a href="#m9">SearchByPlaintiff</a></td><td rowspan="1">1692416122096</td><td rowspan="1">4</td></tr><tr class="failedodd"><td><a href="#m10">SearchByadjuster</a></td><td rowspan="1">1692416122118</td><td rowspan="1">4</td></tr><tr class="failedodd"><td><a href="#m11">SearchByattorney</a></td><td rowspan="1">1692416122112</td><td rowspan="1">4</td></tr><tr class="failedodd"><td><a href="#m12">SearchBycaseNum</a></td><td rowspan="1">1692416122101</td><td rowspan="1">4</td></tr><tr class="failedodd"><td><a href="#m13">SearchBydefendant</a></td><td rowspan="1">1692416122107</td><td rowspan="1">4</td></tr><tr class="failedodd"><td><a href="#m14">UploadDocument_SingleOrder</a></td><td rowspan="1">1692416128159</td><td rowspan="1">3015</td></tr><tr class="failedodd"><td><a href="#m15">VerifyLoginAsClientContact</a></td><td rowspan="1">1692416122032</td><td rowspan="1">1</td></tr><tr class="failedodd"><td><a href="#m16">VerifyLoginAsClientManager</a></td><td rowspan="1">1692416122035</td><td rowspan="1">1</td></tr><tr class="failedodd"><td><a href="#m17">VerifyLoginAsCustodian</a></td><td rowspan="1">1692416122024</td><td rowspan="1">5</td></tr><tr class="failedodd"><td><a href="#m18">VerifyLoginAsSuperUser</a></td><td rowspan="1">1692416122038</td><td rowspan="1">1</td></tr><tr class="failedeven"><td rowspan="1">autoFW.TESTS.Setup</td><td><a href="#m19">Init</a></td><td rowspan="1">1692416113638</td><td rowspan="1">8335</td></tr></tbody>
</table>
<h2>Compex_TestsList01</h2><h3 id="m0">autoFW.TESTS.Cleanup#CleanupTest</h3><table class="result"><tr><th>Exception</th></tr><tr><td><div class="stacktrace">java.lang.NullPointerException
	at autoFW.TESTS.Cleanup.CleanupTest(Cleanup.java:13)
	at java.base/java.util.ArrayList.forEach(ArrayList.java:1541)
... Removed 31 stack frames</div></td></tr></table><p class="totop"><a href="#summary">back to summary</a></p>
<h3 id="m1">autoFW.TESTS.Compex_tests#AddComment_SingleOrderLocation</h3><table class="result"><tr><th>Messages</th></tr><tr><td><div class="messages">Waiting for bigLoader to appear<br /><br/>waitUntilElementIsVisible: For element with xpath "//div[@id='ajaxBusy']"<br /></div></td></tr><tr><th>Exception</th></tr><tr><td><div class="stacktrace">java.lang.IllegalArgumentException: Input must be set
	at org.openqa.selenium.internal.Require.nonNull(Require.java:56)
	at org.openqa.selenium.support.ui.FluentWait.&lt;init&gt;(FluentWait.java:97)
	at org.openqa.selenium.support.ui.WebDriverWait.&lt;init&gt;(WebDriverWait.java:128)
	at org.openqa.selenium.support.ui.WebDriverWait.&lt;init&gt;(WebDriverWait.java:61)
	at org.openqa.selenium.support.ui.WebDriverWait.&lt;init&gt;(WebDriverWait.java:48)
	at autoFW.objects.ObjectUtilities.waitUntilElementIsVisible(ObjectUtilities.java:323)
	at autoFW.autfns.AUTFunctions.waitForBigLoader(AUTFunctions.java:59)
	at autoFW.autfns.AUTFunctions.ExpandAllOrders(AUTFunctions.java:637)
	at autoFW.autfns.AUTFunctions.AddComment(AUTFunctions.java:1283)
	at autoFW.TESTS.Compex_tests.AddComment_SingleOrderLocation(Compex_tests.java:258)
	at java.base/java.util.ArrayList.forEach(ArrayList.java:1541)
... Removed 31 stack frames</div></td></tr></table><p class="totop"><a href="#summary">back to summary</a></p>
<h3 id="m2">autoFW.TESTS.Compex_tests#AddLocation</h3><table class="result"><tr><th>Messages</th></tr><tr><td><div class="messages">Waiting for bigLoader to appear<br /><br/>waitUntilElementIsVisible: For element with xpath "//div[@id='ajaxBusy']"<br /></div></td></tr><tr><th>Exception</th></tr><tr><td><div class="stacktrace">java.lang.IllegalArgumentException: Input must be set
	at org.openqa.selenium.internal.Require.nonNull(Require.java:56)
	at org.openqa.selenium.support.ui.FluentWait.&lt;init&gt;(FluentWait.java:97)
	at org.openqa.selenium.support.ui.WebDriverWait.&lt;init&gt;(WebDriverWait.java:128)
	at org.openqa.selenium.support.ui.WebDriverWait.&lt;init&gt;(WebDriverWait.java:61)
	at org.openqa.selenium.support.ui.WebDriverWait.&lt;init&gt;(WebDriverWait.java:48)
	at autoFW.objects.ObjectUtilities.waitUntilElementIsVisible(ObjectUtilities.java:323)
	at autoFW.autfns.AUTFunctions.waitForBigLoader(AUTFunctions.java:59)
	at autoFW.autfns.AUTFunctions.ExpandAllOrders(AUTFunctions.java:637)
	at autoFW.autfns.AUTFunctions.AddLocation(AUTFunctions.java:1366)
	at autoFW.TESTS.Compex_tests.AddLocation(Compex_tests.java:270)
	at java.base/java.util.ArrayList.forEach(ArrayList.java:1541)
... Removed 31 stack frames</div></td></tr></table><p class="totop"><a href="#summary">back to summary</a></p>
<h3 id="m3">autoFW.TESTS.Compex_tests#Cancel_SingleOrderLocation</h3><table class="result"><tr><th>Messages</th></tr><tr><td><div class="messages">Waiting for bigLoader to appear<br /><br/>waitUntilElementIsVisible: For element with xpath "//div[@id='ajaxBusy']"<br /></div></td></tr><tr><th>Exception</th></tr><tr><td><div class="stacktrace">java.lang.IllegalArgumentException: Input must be set
	at org.openqa.selenium.internal.Require.nonNull(Require.java:56)
	at org.openqa.selenium.support.ui.FluentWait.&lt;init&gt;(FluentWait.java:97)
	at org.openqa.selenium.support.ui.WebDriverWait.&lt;init&gt;(WebDriverWait.java:128)
	at org.openqa.selenium.support.ui.WebDriverWait.&lt;init&gt;(WebDriverWait.java:61)
	at org.openqa.selenium.support.ui.WebDriverWait.&lt;init&gt;(WebDriverWait.java:48)
	at autoFW.objects.ObjectUtilities.waitUntilElementIsVisible(ObjectUtilities.java:323)
	at autoFW.autfns.AUTFunctions.waitForBigLoader(AUTFunctions.java:59)
	at autoFW.autfns.AUTFunctions.ExpandAllOrders(AUTFunctions.java:637)
	at autoFW.autfns.AUTFunctions.CancelOrder(AUTFunctions.java:1199)
	at autoFW.TESTS.Compex_tests.Cancel_SingleOrderLocation(Compex_tests.java:252)
	at java.base/java.util.ArrayList.forEach(ArrayList.java:1541)
... Removed 31 stack frames</div></td></tr></table><p class="totop"><a href="#summary">back to summary</a></p>
<h3 id="m4">autoFW.TESTS.Compex_tests#LoginAsSuperUser</h3><table class="result"><tr class="param"><th>Parameter #1</th><th>Parameter #2</th><th>Parameter #3</th></tr><tr class="param stripe"><td>https://www.cpxlegaltest.com/</td><td>SuperUser</td><td>Compex@2017</td></tr><tr><th colspan="3">Messages</th></tr><tr><td colspan="3"><div class="messages">Logging in at url: https://www.cpxlegaltest.com/<br/ >User: SuperUser<br/ >Pwd: Compex@2017<br /></div></td></tr><tr><th colspan="3">Exception</th></tr><tr><td colspan="3"><div class="stacktrace">java.lang.NullPointerException
	at autoFW.autfns.AUTFunctions.loginWithGivenUserName(AUTFunctions.java:116)
	at autoFW.TESTS.Compex_tests.LoginAsSuperUser(Compex_tests.java:56)
	at java.base/java.util.ArrayList.forEach(ArrayList.java:1541)
... Removed 31 stack frames</div></td></tr></table><p class="totop"><a href="#summary">back to summary</a></p>
<h3 id="m5">autoFW.TESTS.Compex_tests#Logout</h3><table class="result"><tr><th>Messages</th></tr><tr><td><div class="messages">Waiting for bigLoader to appear<br /><br/>waitUntilElementIsVisible: For element with xpath "//div[@id='ajaxBusy']"<br /></div></td></tr><tr><th>Exception</th></tr><tr><td><div class="stacktrace">java.lang.IllegalArgumentException: Input must be set
	at org.openqa.selenium.internal.Require.nonNull(Require.java:56)
	at org.openqa.selenium.support.ui.FluentWait.&lt;init&gt;(FluentWait.java:97)
	at org.openqa.selenium.support.ui.WebDriverWait.&lt;init&gt;(WebDriverWait.java:128)
	at org.openqa.selenium.support.ui.WebDriverWait.&lt;init&gt;(WebDriverWait.java:61)
	at org.openqa.selenium.support.ui.WebDriverWait.&lt;init&gt;(WebDriverWait.java:48)
	at autoFW.objects.ObjectUtilities.waitUntilElementIsVisible(ObjectUtilities.java:323)
	at autoFW.autfns.AUTFunctions.waitForBigLoader(AUTFunctions.java:59)
	at autoFW.autfns.AUTFunctions.logout(AUTFunctions.java:177)
	at autoFW.TESTS.Compex_tests.Logout(Compex_tests.java:130)
	at java.base/java.util.ArrayList.forEach(ArrayList.java:1541)
... Removed 31 stack frames</div></td></tr></table><p class="totop"><a href="#summary">back to summary</a></p>
<h3 id="m6">autoFW.TESTS.Compex_tests#SearchByClaimNum</h3><table class="result"><tr><th>Messages</th></tr><tr><td><div class="messages">Searching for orders with claim #: 45678<br /><br/>Waiting for bigLoader to appear<br /><br/>waitUntilElementIsVisible: For element with xpath "//div[@id='ajaxBusy']"<br /></div></td></tr><tr><th>Exception</th></tr><tr><td><div class="stacktrace">java.lang.IllegalArgumentException: Input must be set
	at org.openqa.selenium.internal.Require.nonNull(Require.java:56)
	at org.openqa.selenium.support.ui.FluentWait.&lt;init&gt;(FluentWait.java:97)
	at org.openqa.selenium.support.ui.WebDriverWait.&lt;init&gt;(WebDriverWait.java:128)
	at org.openqa.selenium.support.ui.WebDriverWait.&lt;init&gt;(WebDriverWait.java:61)
	at org.openqa.selenium.support.ui.WebDriverWait.&lt;init&gt;(WebDriverWait.java:48)
	at autoFW.objects.ObjectUtilities.waitUntilElementIsVisible(ObjectUtilities.java:323)
	at autoFW.autfns.AUTFunctions.waitForBigLoader(AUTFunctions.java:59)
	at autoFW.autfns.AUTFunctions.performSearch(AUTFunctions.java:601)
	at autoFW.autfns.AUTFunctions.SearchByClaimNum(AUTFunctions.java:662)
	at autoFW.TESTS.Compex_tests.SearchByClaimNum(Compex_tests.java:173)
	at java.base/java.util.ArrayList.forEach(ArrayList.java:1541)
... Removed 31 stack frames</div></td></tr></table><p class="totop"><a href="#summary">back to summary</a></p>
<h3 id="m7">autoFW.TESTS.Compex_tests#SearchByFilm</h3><table class="result"><tr><th>Messages</th></tr><tr><td><div class="messages">Searching for order (with Film) : CA1094247 --> 001<br /><br/>Waiting for bigLoader to appear<br /><br/>waitUntilElementIsVisible: For element with xpath "//div[@id='ajaxBusy']"<br /></div></td></tr><tr><th>Exception</th></tr><tr><td><div class="stacktrace">java.lang.IllegalArgumentException: Input must be set
	at org.openqa.selenium.internal.Require.nonNull(Require.java:56)
	at org.openqa.selenium.support.ui.FluentWait.&lt;init&gt;(FluentWait.java:97)
	at org.openqa.selenium.support.ui.WebDriverWait.&lt;init&gt;(WebDriverWait.java:128)
	at org.openqa.selenium.support.ui.WebDriverWait.&lt;init&gt;(WebDriverWait.java:61)
	at org.openqa.selenium.support.ui.WebDriverWait.&lt;init&gt;(WebDriverWait.java:48)
	at autoFW.objects.ObjectUtilities.waitUntilElementIsVisible(ObjectUtilities.java:323)
	at autoFW.autfns.AUTFunctions.waitForBigLoader(AUTFunctions.java:59)
	at autoFW.autfns.AUTFunctions.performSearch(AUTFunctions.java:601)
	at autoFW.autfns.AUTFunctions.SearchByFilm(AUTFunctions.java:700)
	at autoFW.TESTS.Compex_tests.SearchByFilm(Compex_tests.java:209)
	at java.base/java.util.ArrayList.forEach(ArrayList.java:1541)
... Removed 31 stack frames</div></td></tr></table><p class="totop"><a href="#summary">back to summary</a></p>
<h3 id="m8">autoFW.TESTS.Compex_tests#SearchByOrderNum1</h3><table class="result"><tr><th>Messages</th></tr><tr><td><div class="messages">Searching for order: CA1094395<br /><br/>Waiting for bigLoader to appear<br /><br/>waitUntilElementIsVisible: For element with xpath "//div[@id='ajaxBusy']"<br /></div></td></tr><tr><th>Exception</th></tr><tr><td><div class="stacktrace">java.lang.IllegalArgumentException: Input must be set
	at org.openqa.selenium.internal.Require.nonNull(Require.java:56)
	at org.openqa.selenium.support.ui.FluentWait.&lt;init&gt;(FluentWait.java:97)
	at org.openqa.selenium.support.ui.WebDriverWait.&lt;init&gt;(WebDriverWait.java:128)
	at org.openqa.selenium.support.ui.WebDriverWait.&lt;init&gt;(WebDriverWait.java:61)
	at org.openqa.selenium.support.ui.WebDriverWait.&lt;init&gt;(WebDriverWait.java:48)
	at autoFW.objects.ObjectUtilities.waitUntilElementIsVisible(ObjectUtilities.java:323)
	at autoFW.autfns.AUTFunctions.waitForBigLoader(AUTFunctions.java:59)
	at autoFW.autfns.AUTFunctions.performSearch(AUTFunctions.java:601)
	at autoFW.autfns.AUTFunctions.SearchByOrderNum(AUTFunctions.java:562)
	at autoFW.TESTS.Compex_tests.SearchByOrderNum1(Compex_tests.java:161)
	at java.base/java.util.ArrayList.forEach(ArrayList.java:1541)
... Removed 31 stack frames</div></td></tr></table><p class="totop"><a href="#summary">back to summary</a></p>
<h3 id="m9">autoFW.TESTS.Compex_tests#SearchByPlaintiff</h3><table class="result"><tr><th>Messages</th></tr><tr><td><div class="messages">Searching for orders with Plaintiff Name: Test1<br /><br/>Waiting for bigLoader to appear<br /><br/>waitUntilElementIsVisible: For element with xpath "//div[@id='ajaxBusy']"<br /></div></td></tr><tr><th>Exception</th></tr><tr><td><div class="stacktrace">java.lang.IllegalArgumentException: Input must be set
	at org.openqa.selenium.internal.Require.nonNull(Require.java:56)
	at org.openqa.selenium.support.ui.FluentWait.&lt;init&gt;(FluentWait.java:97)
	at org.openqa.selenium.support.ui.WebDriverWait.&lt;init&gt;(WebDriverWait.java:128)
	at org.openqa.selenium.support.ui.WebDriverWait.&lt;init&gt;(WebDriverWait.java:61)
	at org.openqa.selenium.support.ui.WebDriverWait.&lt;init&gt;(WebDriverWait.java:48)
	at autoFW.objects.ObjectUtilities.waitUntilElementIsVisible(ObjectUtilities.java:323)
	at autoFW.autfns.AUTFunctions.waitForBigLoader(AUTFunctions.java:59)
	at autoFW.autfns.AUTFunctions.performSearch(AUTFunctions.java:601)
	at autoFW.autfns.AUTFunctions.SearchByPlaintiff(AUTFunctions.java:722)
	at autoFW.TESTS.Compex_tests.SearchByPlaintiff(Compex_tests.java:179)
	at java.base/java.util.ArrayList.forEach(ArrayList.java:1541)
... Removed 31 stack frames</div></td></tr></table><p class="totop"><a href="#summary">back to summary</a></p>
<h3 id="m10">autoFW.TESTS.Compex_tests#SearchByadjuster</h3><table class="result"><tr><th>Messages</th></tr><tr><td><div class="messages">Searching for orders with adjuster : Adam Dodge<br /><br/>Waiting for bigLoader to appear<br /><br/>waitUntilElementIsVisible: For element with xpath "//div[@id='ajaxBusy']"<br /></div></td></tr><tr><th>Exception</th></tr><tr><td><div class="stacktrace">java.lang.IllegalArgumentException: Input must be set
	at org.openqa.selenium.internal.Require.nonNull(Require.java:56)
	at org.openqa.selenium.support.ui.FluentWait.&lt;init&gt;(FluentWait.java:97)
	at org.openqa.selenium.support.ui.WebDriverWait.&lt;init&gt;(WebDriverWait.java:128)
	at org.openqa.selenium.support.ui.WebDriverWait.&lt;init&gt;(WebDriverWait.java:61)
	at org.openqa.selenium.support.ui.WebDriverWait.&lt;init&gt;(WebDriverWait.java:48)
	at autoFW.objects.ObjectUtilities.waitUntilElementIsVisible(ObjectUtilities.java:323)
	at autoFW.autfns.AUTFunctions.waitForBigLoader(AUTFunctions.java:59)
	at autoFW.autfns.AUTFunctions.performSearch(AUTFunctions.java:601)
	at autoFW.autfns.AUTFunctions.SearchByadjuster(AUTFunctions.java:915)
	at autoFW.TESTS.Compex_tests.SearchByadjuster(Compex_tests.java:202)
	at java.base/java.util.ArrayList.forEach(ArrayList.java:1541)
... Removed 31 stack frames</div></td></tr></table><p class="totop"><a href="#summary">back to summary</a></p>
<h3 id="m11">autoFW.TESTS.Compex_tests#SearchByattorney</h3><table class="result"><tr><th>Messages</th></tr><tr><td><div class="messages">Searching for orders with Attorney : Michael Spongeberg (123)<br /><br/>Waiting for bigLoader to appear<br /><br/>waitUntilElementIsVisible: For element with xpath "//div[@id='ajaxBusy']"<br /></div></td></tr><tr><th>Exception</th></tr><tr><td><div class="stacktrace">java.lang.IllegalArgumentException: Input must be set
	at org.openqa.selenium.internal.Require.nonNull(Require.java:56)
	at org.openqa.selenium.support.ui.FluentWait.&lt;init&gt;(FluentWait.java:97)
	at org.openqa.selenium.support.ui.WebDriverWait.&lt;init&gt;(WebDriverWait.java:128)
	at org.openqa.selenium.support.ui.WebDriverWait.&lt;init&gt;(WebDriverWait.java:61)
	at org.openqa.selenium.support.ui.WebDriverWait.&lt;init&gt;(WebDriverWait.java:48)
	at autoFW.objects.ObjectUtilities.waitUntilElementIsVisible(ObjectUtilities.java:323)
	at autoFW.autfns.AUTFunctions.waitForBigLoader(AUTFunctions.java:59)
	at autoFW.autfns.AUTFunctions.performSearch(AUTFunctions.java:601)
	at autoFW.autfns.AUTFunctions.SearchByattorney(AUTFunctions.java:878)
	at autoFW.TESTS.Compex_tests.SearchByattorney(Compex_tests.java:195)
	at java.base/java.util.ArrayList.forEach(ArrayList.java:1541)
... Removed 31 stack frames</div></td></tr></table><p class="totop"><a href="#summary">back to summary</a></p>
<h3 id="m12">autoFW.TESTS.Compex_tests#SearchBycaseNum</h3><table class="result"><tr><th>Messages</th></tr><tr><td><div class="messages">Searching for orders with caseNum : 7777777<br /><br/>Waiting for bigLoader to appear<br /><br/>waitUntilElementIsVisible: For element with xpath "//div[@id='ajaxBusy']"<br /></div></td></tr><tr><th>Exception</th></tr><tr><td><div class="stacktrace">java.lang.IllegalArgumentException: Input must be set
	at org.openqa.selenium.internal.Require.nonNull(Require.java:56)
	at org.openqa.selenium.support.ui.FluentWait.&lt;init&gt;(FluentWait.java:97)
	at org.openqa.selenium.support.ui.WebDriverWait.&lt;init&gt;(WebDriverWait.java:128)
	at org.openqa.selenium.support.ui.WebDriverWait.&lt;init&gt;(WebDriverWait.java:61)
	at org.openqa.selenium.support.ui.WebDriverWait.&lt;init&gt;(WebDriverWait.java:48)
	at autoFW.objects.ObjectUtilities.waitUntilElementIsVisible(ObjectUtilities.java:323)
	at autoFW.autfns.AUTFunctions.waitForBigLoader(AUTFunctions.java:59)
	at autoFW.autfns.AUTFunctions.performSearch(AUTFunctions.java:601)
	at autoFW.autfns.AUTFunctions.SearchBycaseNum(AUTFunctions.java:759)
	at autoFW.TESTS.Compex_tests.SearchBycaseNum(Compex_tests.java:185)
	at java.base/java.util.ArrayList.forEach(ArrayList.java:1541)
... Removed 31 stack frames</div></td></tr></table><p class="totop"><a href="#summary">back to summary</a></p>
<h3 id="m13">autoFW.TESTS.Compex_tests#SearchBydefendant</h3><table class="result"><tr><th>Messages</th></tr><tr><td><div class="messages">Searching for orders with Defendant : Robert Crown<br /><br/>Waiting for bigLoader to appear<br /><br/>waitUntilElementIsVisible: For element with xpath "//div[@id='ajaxBusy']"<br /></div></td></tr><tr><th>Exception</th></tr><tr><td><div class="stacktrace">java.lang.IllegalArgumentException: Input must be set
	at org.openqa.selenium.internal.Require.nonNull(Require.java:56)
	at org.openqa.selenium.support.ui.FluentWait.&lt;init&gt;(FluentWait.java:97)
	at org.openqa.selenium.support.ui.WebDriverWait.&lt;init&gt;(WebDriverWait.java:128)
	at org.openqa.selenium.support.ui.WebDriverWait.&lt;init&gt;(WebDriverWait.java:61)
	at org.openqa.selenium.support.ui.WebDriverWait.&lt;init&gt;(WebDriverWait.java:48)
	at autoFW.objects.ObjectUtilities.waitUntilElementIsVisible(ObjectUtilities.java:323)
	at autoFW.autfns.AUTFunctions.waitForBigLoader(AUTFunctions.java:59)
	at autoFW.autfns.AUTFunctions.performSearch(AUTFunctions.java:601)
	at autoFW.autfns.AUTFunctions.SearchBydefendant(AUTFunctions.java:840)
	at autoFW.TESTS.Compex_tests.SearchBydefendant(Compex_tests.java:190)
	at java.base/java.util.ArrayList.forEach(ArrayList.java:1541)
... Removed 31 stack frames</div></td></tr></table><p class="totop"><a href="#summary">back to summary</a></p>
<h3 id="m14">autoFW.TESTS.Compex_tests#UploadDocument_SingleOrder</h3><table class="result"><tr><th>Messages</th></tr><tr><td><div class="messages">Waiting for bigLoader to appear<br /><br/>waitUntilElementIsVisible: For element with xpath "//div[@id='ajaxBusy']"<br /></div></td></tr><tr><th>Exception</th></tr><tr><td><div class="stacktrace">java.lang.IllegalArgumentException: Input must be set
	at org.openqa.selenium.internal.Require.nonNull(Require.java:56)
	at org.openqa.selenium.support.ui.FluentWait.&lt;init&gt;(FluentWait.java:97)
	at org.openqa.selenium.support.ui.WebDriverWait.&lt;init&gt;(WebDriverWait.java:128)
	at org.openqa.selenium.support.ui.WebDriverWait.&lt;init&gt;(WebDriverWait.java:61)
	at org.openqa.selenium.support.ui.WebDriverWait.&lt;init&gt;(WebDriverWait.java:48)
	at autoFW.objects.ObjectUtilities.waitUntilElementIsVisible(ObjectUtilities.java:323)
	at autoFW.autfns.AUTFunctions.waitForBigLoader(AUTFunctions.java:59)
	at autoFW.autfns.AUTFunctions.ExpandAllOrders(AUTFunctions.java:637)
	at autoFW.autfns.AUTFunctions.UploadDocument(AUTFunctions.java:1108)
	at autoFW.TESTS.Compex_tests.UploadDocument_SingleOrder(Compex_tests.java:240)
	at java.base/java.util.ArrayList.forEach(ArrayList.java:1541)
... Removed 31 stack frames</div></td></tr></table><p class="totop"><a href="#summary">back to summary</a></p>
<h3 id="m15">autoFW.TESTS.Compex_tests#VerifyLoginAsClientContact</h3><table class="result"><tr class="param"><th>Parameter #1</th><th>Parameter #2</th><th>Parameter #3</th></tr><tr class="param stripe"><td>https://www.cpxlegaltest.com/</td><td>teresam</td><td>Compex@2017</td></tr><tr><th colspan="3">Messages</th></tr><tr><td colspan="3"><div class="messages">Logging in at url: https://www.cpxlegaltest.com/<br/ >User: teresam<br/ >Pwd: Compex@2017<br /></div></td></tr><tr><th colspan="3">Exception</th></tr><tr><td colspan="3"><div class="stacktrace">java.lang.NullPointerException
	at autoFW.autfns.AUTFunctions.loginWithGivenUserName(AUTFunctions.java:116)
	at autoFW.TESTS.Compex_tests.VerifyLoginAsClientContact(Compex_tests.java:122)
	at java.base/java.util.ArrayList.forEach(ArrayList.java:1541)
... Removed 31 stack frames</div></td></tr></table><p class="totop"><a href="#summary">back to summary</a></p>
<h3 id="m16">autoFW.TESTS.Compex_tests#VerifyLoginAsClientManager</h3><table class="result"><tr class="param"><th>Parameter #1</th><th>Parameter #2</th><th>Parameter #3</th></tr><tr class="param stripe"><td>https://www.cpxlegaltest.com/</td><td>arjoshi</td><td>Compex@2017</td></tr><tr><th colspan="3">Messages</th></tr><tr><td colspan="3"><div class="messages">Logging in at url: https://www.cpxlegaltest.com/<br/ >User: arjoshi<br/ >Pwd: Compex@2017<br /></div></td></tr><tr><th colspan="3">Exception</th></tr><tr><td colspan="3"><div class="stacktrace">java.lang.NullPointerException
	at autoFW.autfns.AUTFunctions.loginWithGivenUserName(AUTFunctions.java:116)
	at autoFW.TESTS.Compex_tests.VerifyLoginAsClientManager(Compex_tests.java:94)
	at java.base/java.util.ArrayList.forEach(ArrayList.java:1541)
... Removed 31 stack frames</div></td></tr></table><p class="totop"><a href="#summary">back to summary</a></p>
<h3 id="m17">autoFW.TESTS.Compex_tests#VerifyLoginAsCustodian</h3><table class="result"><tr class="param"><th>Parameter #1</th><th>Parameter #2</th><th>Parameter #3</th></tr><tr class="param stripe"><td>https://www.cpxlegaltest.com/</td><td>TestCusto123</td><td>Compex@2017</td></tr><tr><th colspan="3">Messages</th></tr><tr><td colspan="3"><div class="messages">Logging in at url: https://www.cpxlegaltest.com/<br/ >Custodian User: TestCusto123<br/ >Pwd: Compex@2017<br /></div></td></tr><tr><th colspan="3">Exception</th></tr><tr><td colspan="3"><div class="stacktrace">java.lang.NullPointerException
	at autoFW.autfns.AUTFunctions.loginAsCustodian(AUTFunctions.java:150)
	at autoFW.TESTS.Compex_tests.VerifyLoginAsCustodian(Compex_tests.java:47)
	at java.base/java.util.ArrayList.forEach(ArrayList.java:1541)
... Removed 31 stack frames</div></td></tr></table><p class="totop"><a href="#summary">back to summary</a></p>
<h3 id="m18">autoFW.TESTS.Compex_tests#VerifyLoginAsSuperUser</h3><table class="result"><tr class="param"><th>Parameter #1</th><th>Parameter #2</th><th>Parameter #3</th></tr><tr class="param stripe"><td>https://www.cpxlegaltest.com/</td><td>SuperUser</td><td>Compex@2017</td></tr><tr><th colspan="3">Messages</th></tr><tr><td colspan="3"><div class="messages">Logging in at url: https://www.cpxlegaltest.com/<br/ >User: SuperUser<br/ >Pwd: Compex@2017<br /></div></td></tr><tr><th colspan="3">Exception</th></tr><tr><td colspan="3"><div class="stacktrace">java.lang.NullPointerException
	at autoFW.autfns.AUTFunctions.loginWithGivenUserName(AUTFunctions.java:116)
	at autoFW.TESTS.Compex_tests.VerifyLoginAsSuperUser(Compex_tests.java:64)
	at java.base/java.util.ArrayList.forEach(ArrayList.java:1541)
... Removed 31 stack frames</div></td></tr></table><p class="totop"><a href="#summary">back to summary</a></p>
<h3 id="m19">autoFW.TESTS.Setup#Init</h3><table class="result"><tr><th>Exception</th></tr><tr><td><div class="stacktrace">org.openqa.selenium.SessionNotCreatedException: Could not start a new session. Response code 500. Message: session not created: This version of ChromeDriver only supports Chrome version 108
Current browser version is 116.0.5845.96 with binary path C:\Program Files\Google\Chrome\Application\chrome.exe
Build info: version: &apos;4.0.0&apos;, revision: &apos;3a21814679&apos;
System info: host: &apos;DESKTOP-Q1UB2OV&apos;, ip: &apos;192.168.30.84&apos;, os.name: &apos;Windows 10&apos;, os.arch: &apos;amd64&apos;, os.version: &apos;10.0&apos;, java.version: &apos;11.0.12&apos;
Driver info: org.openqa.selenium.chrome.ChromeDriver
Command: [null, newSession {capabilities=[Capabilities {browserName: chrome, goog:chromeOptions: {args: [], extensions: [], prefs: {download.default_directory: C:\Users\raghuwansh.shisode...}}}], desiredCapabilities=Capabilities {browserName: chrome, goog:chromeOptions: {args: [], extensions: [], prefs: {download.default_directory: C:\Users\raghuwansh.shisode...}}}}]
	at org.openqa.selenium.remote.ProtocolHandshake.createSession(ProtocolHandshake.java:126)
	at org.openqa.selenium.remote.ProtocolHandshake.createSession(ProtocolHandshake.java:84)
	at org.openqa.selenium.remote.ProtocolHandshake.createSession(ProtocolHandshake.java:62)
	at org.openqa.selenium.remote.HttpCommandExecutor.execute(HttpCommandExecutor.java:156)
	at org.openqa.selenium.remote.service.DriverCommandExecutor.invokeExecute(DriverCommandExecutor.java:164)
	at org.openqa.selenium.remote.service.DriverCommandExecutor.execute(DriverCommandExecutor.java:139)
	at org.openqa.selenium.remote.RemoteWebDriver.execute(RemoteWebDriver.java:559)
	at org.openqa.selenium.remote.RemoteWebDriver.startSession(RemoteWebDriver.java:246)
	at org.openqa.selenium.remote.RemoteWebDriver.&lt;init&gt;(RemoteWebDriver.java:168)
	at org.openqa.selenium.chromium.ChromiumDriver.&lt;init&gt;(ChromiumDriver.java:108)
	at org.openqa.selenium.chrome.ChromeDriver.&lt;init&gt;(ChromeDriver.java:104)
	at org.openqa.selenium.chrome.ChromeDriver.&lt;init&gt;(ChromeDriver.java:91)
	at org.openqa.selenium.chrome.ChromeDriver.&lt;init&gt;(ChromeDriver.java:80)
	at autoFW.TESTS.Setup.Init(Setup.java:36)
	at java.base/java.util.ArrayList.forEach(ArrayList.java:1541)
... Removed 31 stack frames</div></td></tr></table><p class="totop"><a href="#summary">back to summary</a></p>
</body>
</html>
