<?xml version="1.0" encoding="UTF-8"?>
<!-- Generated by org.testng.reporters.JUnitXMLReporter -->
<testsuite ignored="16" hostname="DESKTOP-Q1UB2OV" failures="20" tests="20" name="Compex_TestsList01" time="20.601" errors="0" timestamp="2023-08-19T09:05:34 IST">
  <testcase classname="autoFW.TESTS.Setup" name="Init" time="8.335">
    <failure type="org.openqa.selenium.SessionNotCreatedException" message="Could not start a new session. Response code 500. Message: session not created: This version of ChromeDriver only supports Chrome version 108
Current browser version is 116.0.5845.96 with binary path C:\Program Files\Google\Chrome\Application\chrome.exe
Build info: version: &amp;apos;4.0.0&amp;apos;, revision: &amp;apos;3a21814679&amp;apos;
System info: host: &amp;apos;DESKTOP-Q1UB2OV&amp;apos;, ip: &amp;apos;192.168.30.84&amp;apos;, os.name: &amp;apos;Windows 10&amp;apos;, os.arch: &amp;apos;amd64&amp;apos;, os.version: &amp;apos;10.0&amp;apos;, java.version: &amp;apos;11.0.12&amp;apos;
Driver info: org.openqa.selenium.chrome.ChromeDriver
Command: [null, newSession {capabilities=[Capabilities {browserName: chrome, goog:chromeOptions: {args: [], extensions: [], prefs: {download.default_directory: C:\Users\raghuwansh.shisode...}}}], desiredCapabilities=Capabilities {browserName: chrome, goog:chromeOptions: {args: [], extensions: [], prefs: {download.default_directory: C:\Users\raghuwansh.shisode...}}}}]">
      <![CDATA[org.openqa.selenium.SessionNotCreatedException: Could not start a new session. Response code 500. Message: session not created: This version of ChromeDriver only supports Chrome version 108
Current browser version is 116.0.5845.96 with binary path C:\Program Files\Google\Chrome\Application\chrome.exe
Build info: version: '4.0.0', revision: '3a21814679'
System info: host: 'DESKTOP-Q1UB2OV', ip: '192.168.30.84', os.name: 'Windows 10', os.arch: 'amd64', os.version: '10.0', java.version: '11.0.12'
Driver info: org.openqa.selenium.chrome.ChromeDriver
Command: [null, newSession {capabilities=[Capabilities {browserName: chrome, goog:chromeOptions: {args: [], extensions: [], prefs: {download.default_directory: C:\Users\raghuwansh.shisode...}}}], desiredCapabilities=Capabilities {browserName: chrome, goog:chromeOptions: {args: [], extensions: [], prefs: {download.default_directory: C:\Users\raghuwansh.shisode...}}}}]
at org.openqa.selenium.remote.ProtocolHandshake.createSession(ProtocolHandshake.java:126)
at org.openqa.selenium.remote.ProtocolHandshake.createSession(ProtocolHandshake.java:84)
at org.openqa.selenium.remote.ProtocolHandshake.createSession(ProtocolHandshake.java:62)
at org.openqa.selenium.remote.HttpCommandExecutor.execute(HttpCommandExecutor.java:156)
at org.openqa.selenium.remote.service.DriverCommandExecutor.invokeExecute(DriverCommandExecutor.java:164)
at org.openqa.selenium.remote.service.DriverCommandExecutor.execute(DriverCommandExecutor.java:139)
at org.openqa.selenium.remote.RemoteWebDriver.execute(RemoteWebDriver.java:559)
at org.openqa.selenium.remote.RemoteWebDriver.startSession(RemoteWebDriver.java:246)
at org.openqa.selenium.remote.RemoteWebDriver.<init>(RemoteWebDriver.java:168)
at org.openqa.selenium.chromium.ChromiumDriver.<init>(ChromiumDriver.java:108)
at org.openqa.selenium.chrome.ChromeDriver.<init>(ChromeDriver.java:104)
at org.openqa.selenium.chrome.ChromeDriver.<init>(ChromeDriver.java:91)
at org.openqa.selenium.chrome.ChromeDriver.<init>(ChromeDriver.java:80)
at autoFW.TESTS.Setup.Init(Setup.java:36)
at java.base/java.util.ArrayList.forEach(ArrayList.java:1541)
... Removed 31 stack frames]]>
    </failure>
  </testcase> <!-- Init -->
  <testcase classname="autoFW.TESTS.Compex_tests" name="VerifyLoginAsCustodian" time="0.005">
    <failure type="java.lang.NullPointerException">
      <![CDATA[java.lang.NullPointerException
at autoFW.autfns.AUTFunctions.loginAsCustodian(AUTFunctions.java:150)
at autoFW.TESTS.Compex_tests.VerifyLoginAsCustodian(Compex_tests.java:47)
at java.base/java.util.ArrayList.forEach(ArrayList.java:1541)
... Removed 31 stack frames]]>
    </failure>
  </testcase> <!-- VerifyLoginAsCustodian -->
  <testcase classname="autoFW.TESTS.Compex_tests" name="VerifyLoginAsClientContact" time="0.001">
    <failure type="java.lang.NullPointerException">
      <![CDATA[java.lang.NullPointerException
at autoFW.autfns.AUTFunctions.loginWithGivenUserName(AUTFunctions.java:116)
at autoFW.TESTS.Compex_tests.VerifyLoginAsClientContact(Compex_tests.java:122)
at java.base/java.util.ArrayList.forEach(ArrayList.java:1541)
... Removed 31 stack frames]]>
    </failure>
  </testcase> <!-- VerifyLoginAsClientContact -->
  <testcase classname="autoFW.TESTS.Compex_tests" name="VerifyLoginAsClientManager" time="0.001">
    <failure type="java.lang.NullPointerException">
      <![CDATA[java.lang.NullPointerException
at autoFW.autfns.AUTFunctions.loginWithGivenUserName(AUTFunctions.java:116)
at autoFW.TESTS.Compex_tests.VerifyLoginAsClientManager(Compex_tests.java:94)
at java.base/java.util.ArrayList.forEach(ArrayList.java:1541)
... Removed 31 stack frames]]>
    </failure>
  </testcase> <!-- VerifyLoginAsClientManager -->
  <testcase classname="autoFW.TESTS.Compex_tests" name="VerifyLoginAsSuperUser" time="0.001">
    <failure type="java.lang.NullPointerException">
      <![CDATA[java.lang.NullPointerException
at autoFW.autfns.AUTFunctions.loginWithGivenUserName(AUTFunctions.java:116)
at autoFW.TESTS.Compex_tests.VerifyLoginAsSuperUser(Compex_tests.java:64)
at java.base/java.util.ArrayList.forEach(ArrayList.java:1541)
... Removed 31 stack frames]]>
    </failure>
  </testcase> <!-- VerifyLoginAsSuperUser -->
  <testcase classname="autoFW.TESTS.Compex_tests" name="LoginAsSuperUser" time="0.001">
    <failure type="java.lang.NullPointerException">
      <![CDATA[java.lang.NullPointerException
at autoFW.autfns.AUTFunctions.loginWithGivenUserName(AUTFunctions.java:116)
at autoFW.TESTS.Compex_tests.LoginAsSuperUser(Compex_tests.java:56)
at java.base/java.util.ArrayList.forEach(ArrayList.java:1541)
... Removed 31 stack frames]]>
    </failure>
  </testcase> <!-- LoginAsSuperUser -->
  <testcase classname="autoFW.TESTS.Compex_tests" name="SearchByOrderNum1" time="0.043">
    <failure type="java.lang.IllegalArgumentException" message="Input must be set">
      <![CDATA[java.lang.IllegalArgumentException: Input must be set
at org.openqa.selenium.internal.Require.nonNull(Require.java:56)
at org.openqa.selenium.support.ui.FluentWait.<init>(FluentWait.java:97)
at org.openqa.selenium.support.ui.WebDriverWait.<init>(WebDriverWait.java:128)
at org.openqa.selenium.support.ui.WebDriverWait.<init>(WebDriverWait.java:61)
at org.openqa.selenium.support.ui.WebDriverWait.<init>(WebDriverWait.java:48)
at autoFW.objects.ObjectUtilities.waitUntilElementIsVisible(ObjectUtilities.java:323)
at autoFW.autfns.AUTFunctions.waitForBigLoader(AUTFunctions.java:59)
at autoFW.autfns.AUTFunctions.performSearch(AUTFunctions.java:601)
at autoFW.autfns.AUTFunctions.SearchByOrderNum(AUTFunctions.java:562)
at autoFW.TESTS.Compex_tests.SearchByOrderNum1(Compex_tests.java:161)
at java.base/java.util.ArrayList.forEach(ArrayList.java:1541)
... Removed 31 stack frames]]>
    </failure>
  </testcase> <!-- SearchByOrderNum1 -->
  <testcase classname="autoFW.TESTS.Compex_tests" name="SearchByClaimNum" time="0.004">
    <failure type="java.lang.IllegalArgumentException" message="Input must be set">
      <![CDATA[java.lang.IllegalArgumentException: Input must be set
at org.openqa.selenium.internal.Require.nonNull(Require.java:56)
at org.openqa.selenium.support.ui.FluentWait.<init>(FluentWait.java:97)
at org.openqa.selenium.support.ui.WebDriverWait.<init>(WebDriverWait.java:128)
at org.openqa.selenium.support.ui.WebDriverWait.<init>(WebDriverWait.java:61)
at org.openqa.selenium.support.ui.WebDriverWait.<init>(WebDriverWait.java:48)
at autoFW.objects.ObjectUtilities.waitUntilElementIsVisible(ObjectUtilities.java:323)
at autoFW.autfns.AUTFunctions.waitForBigLoader(AUTFunctions.java:59)
at autoFW.autfns.AUTFunctions.performSearch(AUTFunctions.java:601)
at autoFW.autfns.AUTFunctions.SearchByClaimNum(AUTFunctions.java:662)
at autoFW.TESTS.Compex_tests.SearchByClaimNum(Compex_tests.java:173)
at java.base/java.util.ArrayList.forEach(ArrayList.java:1541)
... Removed 31 stack frames]]>
    </failure>
  </testcase> <!-- SearchByClaimNum -->
  <testcase classname="autoFW.TESTS.Compex_tests" name="SearchByPlaintiff" time="0.004">
    <failure type="java.lang.IllegalArgumentException" message="Input must be set">
      <![CDATA[java.lang.IllegalArgumentException: Input must be set
at org.openqa.selenium.internal.Require.nonNull(Require.java:56)
at org.openqa.selenium.support.ui.FluentWait.<init>(FluentWait.java:97)
at org.openqa.selenium.support.ui.WebDriverWait.<init>(WebDriverWait.java:128)
at org.openqa.selenium.support.ui.WebDriverWait.<init>(WebDriverWait.java:61)
at org.openqa.selenium.support.ui.WebDriverWait.<init>(WebDriverWait.java:48)
at autoFW.objects.ObjectUtilities.waitUntilElementIsVisible(ObjectUtilities.java:323)
at autoFW.autfns.AUTFunctions.waitForBigLoader(AUTFunctions.java:59)
at autoFW.autfns.AUTFunctions.performSearch(AUTFunctions.java:601)
at autoFW.autfns.AUTFunctions.SearchByPlaintiff(AUTFunctions.java:722)
at autoFW.TESTS.Compex_tests.SearchByPlaintiff(Compex_tests.java:179)
at java.base/java.util.ArrayList.forEach(ArrayList.java:1541)
... Removed 31 stack frames]]>
    </failure>
  </testcase> <!-- SearchByPlaintiff -->
  <testcase classname="autoFW.TESTS.Compex_tests" name="SearchBycaseNum" time="0.004">
    <failure type="java.lang.IllegalArgumentException" message="Input must be set">
      <![CDATA[java.lang.IllegalArgumentException: Input must be set
at org.openqa.selenium.internal.Require.nonNull(Require.java:56)
at org.openqa.selenium.support.ui.FluentWait.<init>(FluentWait.java:97)
at org.openqa.selenium.support.ui.WebDriverWait.<init>(WebDriverWait.java:128)
at org.openqa.selenium.support.ui.WebDriverWait.<init>(WebDriverWait.java:61)
at org.openqa.selenium.support.ui.WebDriverWait.<init>(WebDriverWait.java:48)
at autoFW.objects.ObjectUtilities.waitUntilElementIsVisible(ObjectUtilities.java:323)
at autoFW.autfns.AUTFunctions.waitForBigLoader(AUTFunctions.java:59)
at autoFW.autfns.AUTFunctions.performSearch(AUTFunctions.java:601)
at autoFW.autfns.AUTFunctions.SearchBycaseNum(AUTFunctions.java:759)
at autoFW.TESTS.Compex_tests.SearchBycaseNum(Compex_tests.java:185)
at java.base/java.util.ArrayList.forEach(ArrayList.java:1541)
... Removed 31 stack frames]]>
    </failure>
  </testcase> <!-- SearchBycaseNum -->
  <testcase classname="autoFW.TESTS.Compex_tests" name="SearchBydefendant" time="0.004">
    <failure type="java.lang.IllegalArgumentException" message="Input must be set">
      <![CDATA[java.lang.IllegalArgumentException: Input must be set
at org.openqa.selenium.internal.Require.nonNull(Require.java:56)
at org.openqa.selenium.support.ui.FluentWait.<init>(FluentWait.java:97)
at org.openqa.selenium.support.ui.WebDriverWait.<init>(WebDriverWait.java:128)
at org.openqa.selenium.support.ui.WebDriverWait.<init>(WebDriverWait.java:61)
at org.openqa.selenium.support.ui.WebDriverWait.<init>(WebDriverWait.java:48)
at autoFW.objects.ObjectUtilities.waitUntilElementIsVisible(ObjectUtilities.java:323)
at autoFW.autfns.AUTFunctions.waitForBigLoader(AUTFunctions.java:59)
at autoFW.autfns.AUTFunctions.performSearch(AUTFunctions.java:601)
at autoFW.autfns.AUTFunctions.SearchBydefendant(AUTFunctions.java:840)
at autoFW.TESTS.Compex_tests.SearchBydefendant(Compex_tests.java:190)
at java.base/java.util.ArrayList.forEach(ArrayList.java:1541)
... Removed 31 stack frames]]>
    </failure>
  </testcase> <!-- SearchBydefendant -->
  <testcase classname="autoFW.TESTS.Compex_tests" name="SearchByattorney" time="0.004">
    <failure type="java.lang.IllegalArgumentException" message="Input must be set">
      <![CDATA[java.lang.IllegalArgumentException: Input must be set
at org.openqa.selenium.internal.Require.nonNull(Require.java:56)
at org.openqa.selenium.support.ui.FluentWait.<init>(FluentWait.java:97)
at org.openqa.selenium.support.ui.WebDriverWait.<init>(WebDriverWait.java:128)
at org.openqa.selenium.support.ui.WebDriverWait.<init>(WebDriverWait.java:61)
at org.openqa.selenium.support.ui.WebDriverWait.<init>(WebDriverWait.java:48)
at autoFW.objects.ObjectUtilities.waitUntilElementIsVisible(ObjectUtilities.java:323)
at autoFW.autfns.AUTFunctions.waitForBigLoader(AUTFunctions.java:59)
at autoFW.autfns.AUTFunctions.performSearch(AUTFunctions.java:601)
at autoFW.autfns.AUTFunctions.SearchByattorney(AUTFunctions.java:878)
at autoFW.TESTS.Compex_tests.SearchByattorney(Compex_tests.java:195)
at java.base/java.util.ArrayList.forEach(ArrayList.java:1541)
... Removed 31 stack frames]]>
    </failure>
  </testcase> <!-- SearchByattorney -->
  <testcase classname="autoFW.TESTS.Compex_tests" name="SearchByadjuster" time="0.004">
    <failure type="java.lang.IllegalArgumentException" message="Input must be set">
      <![CDATA[java.lang.IllegalArgumentException: Input must be set
at org.openqa.selenium.internal.Require.nonNull(Require.java:56)
at org.openqa.selenium.support.ui.FluentWait.<init>(FluentWait.java:97)
at org.openqa.selenium.support.ui.WebDriverWait.<init>(WebDriverWait.java:128)
at org.openqa.selenium.support.ui.WebDriverWait.<init>(WebDriverWait.java:61)
at org.openqa.selenium.support.ui.WebDriverWait.<init>(WebDriverWait.java:48)
at autoFW.objects.ObjectUtilities.waitUntilElementIsVisible(ObjectUtilities.java:323)
at autoFW.autfns.AUTFunctions.waitForBigLoader(AUTFunctions.java:59)
at autoFW.autfns.AUTFunctions.performSearch(AUTFunctions.java:601)
at autoFW.autfns.AUTFunctions.SearchByadjuster(AUTFunctions.java:915)
at autoFW.TESTS.Compex_tests.SearchByadjuster(Compex_tests.java:202)
at java.base/java.util.ArrayList.forEach(ArrayList.java:1541)
... Removed 31 stack frames]]>
    </failure>
  </testcase> <!-- SearchByadjuster -->
  <testcase classname="autoFW.TESTS.Compex_tests" name="SearchByFilm" time="0.005">
    <failure type="java.lang.IllegalArgumentException" message="Input must be set">
      <![CDATA[java.lang.IllegalArgumentException: Input must be set
at org.openqa.selenium.internal.Require.nonNull(Require.java:56)
at org.openqa.selenium.support.ui.FluentWait.<init>(FluentWait.java:97)
at org.openqa.selenium.support.ui.WebDriverWait.<init>(WebDriverWait.java:128)
at org.openqa.selenium.support.ui.WebDriverWait.<init>(WebDriverWait.java:61)
at org.openqa.selenium.support.ui.WebDriverWait.<init>(WebDriverWait.java:48)
at autoFW.objects.ObjectUtilities.waitUntilElementIsVisible(ObjectUtilities.java:323)
at autoFW.autfns.AUTFunctions.waitForBigLoader(AUTFunctions.java:59)
at autoFW.autfns.AUTFunctions.performSearch(AUTFunctions.java:601)
at autoFW.autfns.AUTFunctions.SearchByFilm(AUTFunctions.java:700)
at autoFW.TESTS.Compex_tests.SearchByFilm(Compex_tests.java:209)
at java.base/java.util.ArrayList.forEach(ArrayList.java:1541)
... Removed 31 stack frames]]>
    </failure>
  </testcase> <!-- SearchByFilm -->
  <testcase classname="autoFW.TESTS.Compex_tests" name="AddLocation" time="3.009">
    <failure type="java.lang.IllegalArgumentException" message="Input must be set">
      <![CDATA[java.lang.IllegalArgumentException: Input must be set
at org.openqa.selenium.internal.Require.nonNull(Require.java:56)
at org.openqa.selenium.support.ui.FluentWait.<init>(FluentWait.java:97)
at org.openqa.selenium.support.ui.WebDriverWait.<init>(WebDriverWait.java:128)
at org.openqa.selenium.support.ui.WebDriverWait.<init>(WebDriverWait.java:61)
at org.openqa.selenium.support.ui.WebDriverWait.<init>(WebDriverWait.java:48)
at autoFW.objects.ObjectUtilities.waitUntilElementIsVisible(ObjectUtilities.java:323)
at autoFW.autfns.AUTFunctions.waitForBigLoader(AUTFunctions.java:59)
at autoFW.autfns.AUTFunctions.ExpandAllOrders(AUTFunctions.java:637)
at autoFW.autfns.AUTFunctions.AddLocation(AUTFunctions.java:1366)
at autoFW.TESTS.Compex_tests.AddLocation(Compex_tests.java:270)
at java.base/java.util.ArrayList.forEach(ArrayList.java:1541)
... Removed 31 stack frames]]>
    </failure>
  </testcase> <!-- AddLocation -->
  <testcase classname="autoFW.TESTS.Compex_tests" name="Cancel_SingleOrderLocation" time="3.016">
    <failure type="java.lang.IllegalArgumentException" message="Input must be set">
      <![CDATA[java.lang.IllegalArgumentException: Input must be set
at org.openqa.selenium.internal.Require.nonNull(Require.java:56)
at org.openqa.selenium.support.ui.FluentWait.<init>(FluentWait.java:97)
at org.openqa.selenium.support.ui.WebDriverWait.<init>(WebDriverWait.java:128)
at org.openqa.selenium.support.ui.WebDriverWait.<init>(WebDriverWait.java:61)
at org.openqa.selenium.support.ui.WebDriverWait.<init>(WebDriverWait.java:48)
at autoFW.objects.ObjectUtilities.waitUntilElementIsVisible(ObjectUtilities.java:323)
at autoFW.autfns.AUTFunctions.waitForBigLoader(AUTFunctions.java:59)
at autoFW.autfns.AUTFunctions.ExpandAllOrders(AUTFunctions.java:637)
at autoFW.autfns.AUTFunctions.CancelOrder(AUTFunctions.java:1199)
at autoFW.TESTS.Compex_tests.Cancel_SingleOrderLocation(Compex_tests.java:252)
at java.base/java.util.ArrayList.forEach(ArrayList.java:1541)
... Removed 31 stack frames]]>
    </failure>
  </testcase> <!-- Cancel_SingleOrderLocation -->
  <testcase classname="autoFW.TESTS.Compex_tests" name="UploadDocument_SingleOrder" time="3.015">
    <failure type="java.lang.IllegalArgumentException" message="Input must be set">
      <![CDATA[java.lang.IllegalArgumentException: Input must be set
at org.openqa.selenium.internal.Require.nonNull(Require.java:56)
at org.openqa.selenium.support.ui.FluentWait.<init>(FluentWait.java:97)
at org.openqa.selenium.support.ui.WebDriverWait.<init>(WebDriverWait.java:128)
at org.openqa.selenium.support.ui.WebDriverWait.<init>(WebDriverWait.java:61)
at org.openqa.selenium.support.ui.WebDriverWait.<init>(WebDriverWait.java:48)
at autoFW.objects.ObjectUtilities.waitUntilElementIsVisible(ObjectUtilities.java:323)
at autoFW.autfns.AUTFunctions.waitForBigLoader(AUTFunctions.java:59)
at autoFW.autfns.AUTFunctions.ExpandAllOrders(AUTFunctions.java:637)
at autoFW.autfns.AUTFunctions.UploadDocument(AUTFunctions.java:1108)
at autoFW.TESTS.Compex_tests.UploadDocument_SingleOrder(Compex_tests.java:240)
at java.base/java.util.ArrayList.forEach(ArrayList.java:1541)
... Removed 31 stack frames]]>
    </failure>
  </testcase> <!-- UploadDocument_SingleOrder -->
  <testcase classname="autoFW.TESTS.Compex_tests" name="AddComment_SingleOrderLocation" time="3.024">
    <failure type="java.lang.IllegalArgumentException" message="Input must be set">
      <![CDATA[java.lang.IllegalArgumentException: Input must be set
at org.openqa.selenium.internal.Require.nonNull(Require.java:56)
at org.openqa.selenium.support.ui.FluentWait.<init>(FluentWait.java:97)
at org.openqa.selenium.support.ui.WebDriverWait.<init>(WebDriverWait.java:128)
at org.openqa.selenium.support.ui.WebDriverWait.<init>(WebDriverWait.java:61)
at org.openqa.selenium.support.ui.WebDriverWait.<init>(WebDriverWait.java:48)
at autoFW.objects.ObjectUtilities.waitUntilElementIsVisible(ObjectUtilities.java:323)
at autoFW.autfns.AUTFunctions.waitForBigLoader(AUTFunctions.java:59)
at autoFW.autfns.AUTFunctions.ExpandAllOrders(AUTFunctions.java:637)
at autoFW.autfns.AUTFunctions.AddComment(AUTFunctions.java:1283)
at autoFW.TESTS.Compex_tests.AddComment_SingleOrderLocation(Compex_tests.java:258)
at java.base/java.util.ArrayList.forEach(ArrayList.java:1541)
... Removed 31 stack frames]]>
    </failure>
  </testcase> <!-- AddComment_SingleOrderLocation -->
  <testcase classname="autoFW.TESTS.Compex_tests" name="Logout" time="0.004">
    <failure type="java.lang.IllegalArgumentException" message="Input must be set">
      <![CDATA[java.lang.IllegalArgumentException: Input must be set
at org.openqa.selenium.internal.Require.nonNull(Require.java:56)
at org.openqa.selenium.support.ui.FluentWait.<init>(FluentWait.java:97)
at org.openqa.selenium.support.ui.WebDriverWait.<init>(WebDriverWait.java:128)
at org.openqa.selenium.support.ui.WebDriverWait.<init>(WebDriverWait.java:61)
at org.openqa.selenium.support.ui.WebDriverWait.<init>(WebDriverWait.java:48)
at autoFW.objects.ObjectUtilities.waitUntilElementIsVisible(ObjectUtilities.java:323)
at autoFW.autfns.AUTFunctions.waitForBigLoader(AUTFunctions.java:59)
at autoFW.autfns.AUTFunctions.logout(AUTFunctions.java:177)
at autoFW.TESTS.Compex_tests.Logout(Compex_tests.java:130)
at java.base/java.util.ArrayList.forEach(ArrayList.java:1541)
... Removed 31 stack frames]]>
    </failure>
  </testcase> <!-- Logout -->
  <testcase classname="autoFW.TESTS.Cleanup" name="CleanupTest" time="0.0">
    <failure type="java.lang.NullPointerException">
      <![CDATA[java.lang.NullPointerException
at autoFW.TESTS.Cleanup.CleanupTest(Cleanup.java:13)
at java.base/java.util.ArrayList.forEach(ArrayList.java:1541)
... Removed 31 stack frames]]>
    </failure>
  </testcase> <!-- CleanupTest -->
  <testcase classname="autoFW.TESTS.Compex_tests" name="UploadDocument_FullOrder" time="0.0">
    <ignored/>
  </testcase> <!-- UploadDocument_FullOrder -->
  <testcase classname="autoFW.TESTS.Compex_tests" name="SearchByOrderingContact" time="0.0">
    <ignored/>
  </testcase> <!-- SearchByOrderingContact -->
  <testcase classname="autoFW.TESTS.Compex_tests" name="SearchByfileNum" time="0.0">
    <ignored/>
  </testcase> <!-- SearchByfileNum -->
  <testcase classname="autoFW.TESTS.Compex_tests" name="SearchOrder" time="0.0">
    <ignored/>
  </testcase> <!-- SearchOrder -->
  <testcase classname="autoFW.TESTS.Compex_tests" name="AddComment_FullOrder" time="0.0">
    <ignored/>
  </testcase> <!-- AddComment_FullOrder -->
  <testcase classname="autoFW.TESTS.Compex_tests" name="VerifyClientSwitch" time="0.0">
    <ignored/>
  </testcase> <!-- VerifyClientSwitch -->
  <testcase classname="autoFW.TESTS.Compex_tests" name="LoginAsClientContact" time="0.0">
    <ignored/>
  </testcase> <!-- LoginAsClientContact -->
  <testcase classname="autoFW.TESTS.Compex_tests" name="SearchByrecordLocation" time="0.0">
    <ignored/>
  </testcase> <!-- SearchByrecordLocation -->
  <testcase classname="autoFW.TESTS.Compex_tests" name="Cancel_FullOrder" time="0.0">
    <ignored/>
  </testcase> <!-- Cancel_FullOrder -->
  <testcase classname="autoFW.TESTS.Compex_tests" name="LoginAsClientManager" time="0.0">
    <ignored/>
  </testcase> <!-- LoginAsClientManager -->
  <testcase classname="autoFW.TESTS.Compex_tests" name="DownloadDocument_SingleOrderLocation" time="0.0">
    <ignored/>
  </testcase> <!-- DownloadDocument_SingleOrderLocation -->
  <testcase classname="autoFW.TESTS.Compex_tests" name="SearchByrecordInfo_lastName" time="0.0">
    <ignored/>
  </testcase> <!-- SearchByrecordInfo_lastName -->
  <testcase classname="autoFW.TESTS.Compex_tests" name="DownloadDocument_FullOrder" time="0.0">
    <ignored/>
  </testcase> <!-- DownloadDocument_FullOrder -->
  <testcase classname="autoFW.TESTS.Compex_tests" name="DemoSearchOrder" time="0.0">
    <ignored/>
  </testcase> <!-- DemoSearchOrder -->
  <testcase classname="autoFW.TESTS.Compex_tests" name="SearchByOrderNum2" time="0.0">
    <ignored/>
  </testcase> <!-- SearchByOrderNum2 -->
  <testcase classname="autoFW.TESTS.Compex_tests" name="UploadDocument_SingleOrderLocation" time="0.0">
    <ignored/>
  </testcase> <!-- UploadDocument_SingleOrderLocation -->
</testsuite> <!-- Compex_TestsList01 -->
